This is pdfTeX, Version 3.1415926-1.40.10 (MiKTeX 2.8) (preloaded format=pdflatex 2013.1.11)  14 JAN 2013 02:50
entering extended mode
**T:/Lehre/LV*IT*Service*Management*WS2012-13/Beleg/hauptdatei.tex
("T:/Lehre/LV IT Service Management WS2012-13/Beleg/hauptdatei.tex"
LaTeX2e <2009/09/24>
Babel <v3.8l> and hyphenation patterns for english, dumylang, nohyphenation, ge
rman, ngerman, german-x-2009-06-19, ngerman-x-2009-06-19, french, loaded.

(C:\Users\jlaessig\AppData\Roaming\MiKTeX\2.8\tex\latex\koma-script\scrreprt.cl
s
Document Class: scrreprt 2012/07/29 v3.11b KOMA-Script document class (report)

(C:\Users\jlaessig\AppData\Roaming\MiKTeX\2.8\tex\latex\koma-script\scrkbase.st
y
Package: scrkbase 2012/07/29 v3.11b KOMA-Script package (KOMA-Script-dependent 
basics and keyval usage)

(C:\Users\jlaessig\AppData\Roaming\MiKTeX\2.8\tex\latex\koma-script\scrbase.sty
Package: scrbase 2012/07/29 v3.11b KOMA-Script package (KOMA-Script-independent
 basics and keyval usage)
("C:\Program Files (x86)\MiKTeX 2.8\tex\latex\graphics\keyval.sty"
Package: keyval 1999/03/16 v1.13 key=value parser (DPC)
\KV@toks@=\toks14
)
(C:\Users\jlaessig\AppData\Roaming\MiKTeX\2.8\tex\latex\koma-script\scrlfile.st
y
Package: scrlfile 2012/06/15 v3.12 KOMA-Script package (loading files)

Package scrlfile, 2012/06/15 v3.12 KOMA-Script package (loading files)
                  Copyright (C) Markus Kohm

)))
(C:\Users\jlaessig\AppData\Roaming\MiKTeX\2.8\tex\latex\koma-script\tocbasic.st
y
Package: tocbasic 2012/04/04 v3.10b KOMA-Script package (handling toc-files)
)
Package tocbasic Info: omitting babel extension for `toc'
(tocbasic)             because of feature `nobabel' available
(tocbasic)             for `toc' on input line 117.
Package tocbasic Info: omitting babel extension for `lof'
(tocbasic)             because of feature `nobabel' available
(tocbasic)             for `lof' on input line 118.
Package tocbasic Info: omitting babel extension for `lot'
(tocbasic)             because of feature `nobabel' available
(tocbasic)             for `lot' on input line 119.
Package scrreprt Info: You've used obsolete option `11pt'.
(scrreprt)             \KOMAExecuteOptions{fontsize=11pt} will be
(scrreprt)             used instead.
(scrreprt)             You may simply replace `11pt'
(scrreprt)             by `fontsize=11pt'.


Class scrreprt Warning: You've used obsolete option `smallheadings'.
(scrreprt)              Usage of this option indicates an old document and
(scrreprt)              changes compatibility level using
(scrreprt)              `headings=small,version=first'.
(scrreprt)              If you don't want this, you should simply replace
(scrreprt)              usage of option `smallheadings' by `headings=small'.

Class scrreprt Info: Switching compatibility level to `first'.

Class scrreprt Warning: You've used obsolete option `pointlessnumbers'.
(scrreprt)              Usage of this option indicates an old document and
(scrreprt)              changes compatibility level using
(scrreprt)              `numbers=noenddot,version=first'.
(scrreprt)              If you don't want this, you should simply replace
(scrreprt)              usage of option `pointlessnumbers' by `numbers=noenddot
'.

Class scrreprt Info: Switching compatibility level to `first'.

Class scrreprt Warning: You've used obsolete option `cleardoubleplain'.
(scrreprt)              Usage of this option indicates an old document and
(scrreprt)              changes compatibility level using
(scrreprt)              `cleardoublepage=plain,version=first'.
(scrreprt)              If you don't want this, you should simply replace
(scrreprt)              usage of option `cleardoubleplain' by `cleardoublepage=
plain'.

Class scrreprt Info: Switching compatibility level to `first'.
Class scrreprt Info: You've used standard option `abstracton'.
(scrreprt)           This is correct!
(scrreprt)           Internally I'm using `abstract=true'.
(scrreprt)           If you'd like to set the option with \KOMAoptions,
(scrreprt)           you'd have to use `abstract=true' there
(scrreprt)           instead of `abstracton', too.

Class scrreprt Warning: You've used obsolete option `idxtotoc'.
(scrreprt)              Usage of this option indicates an old document and
(scrreprt)              changes compatibility level using
(scrreprt)              `index=totoc,version=first'.
(scrreprt)              If you don't want this, you should simply replace
(scrreprt)              usage of option `idxtotoc' by `index=totoc'.

Class scrreprt Info: Switching compatibility level to `first'.

Class scrreprt Warning: You've used obsolete option `liststotoc'.
(scrreprt)              Usage of this option indicates an old document and
(scrreprt)              changes compatibility level using
(scrreprt)              `listof=totoc,version=first'.
(scrreprt)              If you don't want this, you should simply replace
(scrreprt)              usage of option `liststotoc' by `listof=totoc'.

Class scrreprt Info: Switching compatibility level to `first'.

Class scrreprt Warning: You've used obsolete option `bibtotoc'.
(scrreprt)              Usage of this option indicates an old document and
(scrreprt)              changes compatibility level using
(scrreprt)              `bibliography=totoc,version=first'.
(scrreprt)              If you don't want this, you should simply replace
(scrreprt)              usage of option `bibtotoc' by `bibliography=totoc'.

Class scrreprt Info: Switching compatibility level to `first'.
Class scrreprt Info: File `scrsize11pt.clo' used to setup font sizes on input l
ine 1367.

(C:\Users\jlaessig\AppData\Roaming\MiKTeX\2.8\tex\latex\koma-script\scrsize11pt
.clo
File: scrsize11pt.clo 2012/07/29 v3.11b KOMA-Script font size class option (11p
t)
)
(C:\Users\jlaessig\AppData\Roaming\MiKTeX\2.8\tex\latex\koma-script\typearea.st
y
Package: typearea 2012/07/29 v3.11b KOMA-Script package (type area)

Package typearea, 2012/07/29 v3.11b KOMA-Script package (type area)
                  Copyright (C) Frank Neukam, 1992-1994
                  Copyright (C) Markus Kohm, 1994-

\ta@bcor=\skip41
\ta@div=\count79
Package typearea Info: You've used standard option `a4paper'.
(typearea)             This is correct!
(typearea)             Internally I'm using `paper=a4'.
(typearea)             If you'd like to set the option with \KOMAoptions,
(typearea)             you'd have to use `paper=a4' there
(typearea)             instead of `a4paper', too.

Package typearea Warning: You've used obsolete option `DIVclassic'.
(typearea)                Usage of this option indicates an old document and
(typearea)                changes compatibility level using
(typearea)                `DIV=classic,version=first'.
(typearea)                If you don't want this, you should simply replace
(typearea)                usage of option `DIVclassic' by `DIV=classic'.

Package scrextend Info: Switching compatibility level to `first'.
\ta@hblk=\skip42
\ta@vblk=\skip43
\ta@temp=\skip44
DIV calculation for classic typearea.
Package typearea Info: These are the values describing the layout:
(typearea)             DIV  = 10
(typearea)             BCOR = 0.0pt
(typearea)             \paperwidth      = 597.50793pt
(typearea)              \textwidth      = 418.25555pt
(typearea)              DIV departure   = -6%
(typearea)              \evensidemargin = 47.2316pt
(typearea)              \oddsidemargin  = -12.5192pt
(typearea)             \paperheight     = 845.04694pt
(typearea)              \textheight     = 555.00024pt
(typearea)              \topmargin      = 12.2347pt
(typearea)              \headheight     = 17.0pt
(typearea)              \headsep        = 20.40001pt
(typearea)              \topskip        = 11.0pt
(typearea)              \footskip       = 47.60002pt
(typearea)              \baselineskip   = 13.6pt
(typearea)              on input line 1213.
)
\c@part=\count80
\c@chapter=\count81
\c@section=\count82
\c@subsection=\count83
\c@subsubsection=\count84
\c@paragraph=\count85
\c@subparagraph=\count86
\abovecaptionskip=\skip45
\belowcaptionskip=\skip46
\c@pti@nb@sid@b@x=\box26
\c@figure=\count87
\c@table=\count88
\bibindent=\dimen102
) ("C:\Program Files (x86)\MiKTeX 2.8\tex\latex\base\inputenc.sty"
Package: inputenc 2008/03/30 v1.1d Input encoding file
\inpenc@prehook=\toks15
\inpenc@posthook=\toks16

("C:\Program Files (x86)\MiKTeX 2.8\tex\latex\base\latin1.def"
File: latin1.def 2008/03/30 v1.1d Input encoding file
))
(C:\Users\jlaessig\AppData\Roaming\MiKTeX\2.8\tex\latex\ntheorem\ntheorem.sty
Style `ntheorem', Version 1.33 <2011/08/15>
Package: ntheorem 2011/08/15 1.33
("C:\Program Files (x86)\MiKTeX 2.8\tex\latex\base\ifthen.sty"
Package: ifthen 2001/05/26 v1.1c Standard LaTeX ifthen package (DPC)
)
\theorem@style=\toks17
\theorem@@style=\toks18
\theorembodyfont=\toks19
\theoremnumbering=\toks20
\theorempreskipamount=\skip47
\theorempostskipamount=\skip48
\theoremframepreskipamount=\skip49
\theoremframepostskipamount=\skip50
\theoreminframepreskipamount=\skip51
\theoreminframepostskipamount=\skip52
\theorem@preskip=\toks21
\theorem@postskip=\toks22
\theorem@framepreskip=\toks23
\theorem@framepostskip=\toks24
\theorem@inframepreskip=\toks25
\theorem@inframepostskip=\toks26
\theoremindent=\dimen103
\theorem@indent=\dimen104
\theoremrightindent=\dimen105
\theorem@rightindent=\dimen106
\theoremheaderfont=\toks27
\theoremseparator=\toks28
\theoremprework=\toks29
\theorempostwork=\toks30
\theoremsymbol=\toks31
\qedsymbol=\toks32
\theoremkeyword=\toks33
\qedsymbol=\toks34
\thm@topsep=\skip53
\thm@topsepadd=\skip54
Package ntheorem Info: Option `thmmarks' loaded on input line 1175.
\c@endNonectr=\count89
\c@currNonectr=\count90
\mysavskip=\skip55
)
("C:\Program Files (x86)\MiKTeX 2.8\tex\latex\base\fontenc.sty"
Package: fontenc 2005/09/27 v1.99g Standard LaTeX package

(C:\Users\jlaessig\AppData\Roaming\MiKTeX\2.8\tex\latex\cyrillic\ot2enc.def
File: ot2enc.def 2001/08/11 v3.3a Cyrillic encoding definition file
)
("C:\Program Files (x86)\MiKTeX 2.8\tex\latex\base\t1enc.def"
File: t1enc.def 2005/09/27 v1.99g Standard LaTeX file
LaTeX Font Info:    Redeclaring font encoding T1 on input line 43.
))
("C:\Program Files (x86)\MiKTeX 2.8\tex\latex\ae\ae.sty"
Package: ae 2001/02/12 1.3 Almost European Computer Modern

("C:\Program Files (x86)\MiKTeX 2.8\tex\latex\base\fontenc.sty"
Package: fontenc 2005/09/27 v1.99g Standard LaTeX package

("C:\Program Files (x86)\MiKTeX 2.8\tex\latex\base\t1enc.def"
File: t1enc.def 2005/09/27 v1.99g Standard LaTeX file
LaTeX Font Info:    Redeclaring font encoding T1 on input line 43.
)
LaTeX Font Info:    Try loading font information for T1+aer on input line 100.

("C:\Program Files (x86)\MiKTeX 2.8\tex\latex\ae\t1aer.fd"
File: t1aer.fd 1997/11/16 Font definitions for T1/aer.
)))
("C:\Program Files (x86)\MiKTeX 2.8\tex\latex\ae\aecompl.sty"
Package: aecompl 1998/07/23 0.9 T1 Complements for AE fonts (D. Roegel)
)
(C:\Users\jlaessig\AppData\Roaming\MiKTeX\2.8\tex\latex\german\ngerman.sty
v2.5e 1998-07-08
Package: ngerman 1998/07/08 v2.5e Support for writing german texts (br)
\grmnU@D=\dimen107
ngerman -- \language number for naustrian undefined, default 4 used.
) ("C:\Program Files (x86)\MiKTeX 2.8\tex\latex\tools\calc.sty"
Package: calc 2007/08/22 v4.3 Infix arithmetic (KKT,FJ)
\calc@Acount=\count91
\calc@Bcount=\count92
\calc@Adimen=\dimen108
\calc@Bdimen=\dimen109
\calc@Askip=\skip56
\calc@Bskip=\skip57
LaTeX Info: Redefining \setlength on input line 76.
LaTeX Info: Redefining \addtolength on input line 77.
\calc@Ccount=\count93
\calc@Cskip=\skip58
) ("C:\Program Files (x86)\MiKTeX 2.8\tex\latex\graphics\color.sty"
Package: color 2005/11/14 v1.0j Standard LaTeX Color (DPC)

("C:\Program Files (x86)\MiKTeX 2.8\tex\latex\00miktex\color.cfg"
File: color.cfg 2007/01/18 v1.5 color configuration of teTeX/TeXLive
)
Package color Info: Driver file: pdftex.def on input line 130.

("C:\Program Files (x86)\MiKTeX 2.8\tex\latex\pdftex-def\pdftex.def"
File: pdftex.def 2010/02/14 v0.04n Graphics/color for pdfTeX
\Gread@gobject=\count94
))
(C:\Users\jlaessig\AppData\Roaming\MiKTeX\2.8\tex\latex\epigraph\epigraph.sty
Package: epigraph 2009/09/02 v1.5c typesetting epigraphs
\beforeepigraphskip=\skip59
\afterepigraphskip=\skip60
\epigraphwidth=\skip61
\epigraphrule=\skip62
)
(C:\Users\jlaessig\AppData\Roaming\MiKTeX\2.8\tex\latex\fancybox\fancybox.sty
Package: fancybox 2010/05/15 1.4

Style option: `fancybox' v1.4 <2010/05/15> (tvz)
\@fancybox=\box27
\shadowsize=\dimen110
\@Sbox=\box28
\do@VerbBox=\toks35
\the@fancyput=\toks36
\this@fancyput=\toks37
\EndVerbatimTokens=\toks38
\Verbatim@Outfile=\write3
\Verbatim@Infile=\read1
) (C:\Users\jlaessig\AppData\Roaming\MiKTeX\2.8\tex\latex\fancyvrb\fancyvrb.sty
Package: fancyvrb 2008/02/07

Style option: `fancyvrb' v2.7a, with DG/SPQR fixes, and firstline=lastline fix 
<2008/02/07> (tvz)
\FV@CodeLineNo=\count95
\FV@InFile=\read2
\FV@TabBox=\box29
\c@FancyVerbLine=\count96
\FV@StepNumber=\count97
\FV@OutFile=\write4
)
("C:\Program Files (x86)\MiKTeX 2.8\tex\latex\float\float.sty"
Package: float 2001/11/08 v1.3d Float enhancements (AL)
\c@float@type=\count98
\float@exts=\toks39
\float@box=\box30
\@float@everytoks=\toks40
\@floatcapt=\box31
)
(C:\Users\jlaessig\AppData\Roaming\MiKTeX\2.8\tex\latex\mdwtools\mdwlist.sty
Package: mdwlist 1996/05/02 1.1 Various list-related things
)
(C:\Users\jlaessig\AppData\Roaming\MiKTeX\2.8\tex\latex\koma-script\scrdate.sty
Package: scrdate 2012/07/29 v3.11b KOMA-Script package (day of the week)
Package scrdate Info: Language austrian not defined.
(scrdate)             \dayname@austrian skipped! on input line 183.
Package scrdate Info: Language italian not defined.
(scrdate)             \dayname@italian skipped! on input line 191.
Package scrdate Info: Language spanish not defined.
(scrdate)             \dayname@spanish skipped! on input line 193.
Package scrdate Info: Language croatian not defined.
(scrdate)             \dayname@croatian skipped! on input line 195.
Package scrdate Info: Language dutch not defined.
(scrdate)             \dayname@dutch skipped! on input line 197.
Package scrdate Info: Language finnish not defined.
(scrdate)             \dayname@finnish skipped! on input line 199.
Package scrdate Info: Language norsk not defined.
(scrdate)             \dayname@norsk skipped! on input line 201.
Package scrdate Info: Language danish not defined.
(scrdate)             \dayname@danish skipped! on input line 203.
Package scrdate Info: Language swedish not defined.
(scrdate)             \dayname@swedish skipped! on input line 205.
)
(C:\Users\jlaessig\AppData\Roaming\MiKTeX\2.8\tex\latex\koma-script\scrtime.sty
Package: scrtime 2012/07/29 v3.11b KOMA-Script package (time of LaTeX run)
)
(C:\Users\jlaessig\AppData\Roaming\MiKTeX\2.8\tex\latex\koma-script\scrpage2.st
y
Package: scrpage2 2010/04/22 v2.5 LaTeX2e KOMA-Script package
LaTeX Info: Redefining \pagemark on input line 176.
) ("C:\Program Files (x86)\MiKTeX 2.8\tex\latex\tools\verbatim.sty"
Package: verbatim 2003/08/22 v1.5q LaTeX2e package for verbatim enhancements
\every@verbatim=\toks41
\verbatim@line=\toks42
\verbatim@in@stream=\read3
)
("C:\Program Files (x86)\MiKTeX 2.8\tex\latex\tools\tabularx.sty"
Package: tabularx 1999/01/07 v2.07 `tabularx' package (DPC)

("C:\Program Files (x86)\MiKTeX 2.8\tex\latex\tools\array.sty"
Package: array 2008/09/09 v2.4c Tabular extension package (FMi)
\col@sep=\dimen111
\extrarowheight=\dimen112
\NC@list=\toks43
\extratabsurround=\skip63
\backup@length=\skip64
)
\TX@col@width=\dimen113
\TX@old@table=\dimen114
\TX@old@col=\dimen115
\TX@target=\dimen116
\TX@delta=\dimen117
\TX@cols=\count99
\TX@ftn=\toks44
)
(C:\Users\jlaessig\AppData\Roaming\MiKTeX\2.8\tex\latex\listings\listings.sty
\lst@mode=\count100
\lst@gtempboxa=\box32
\lst@token=\toks45
\lst@length=\count101
\lst@currlwidth=\dimen118
\lst@column=\count102
\lst@pos=\count103
\lst@lostspace=\dimen119
\lst@width=\dimen120
\lst@newlines=\count104
\lst@lineno=\count105
\lst@maxwidth=\dimen121

(C:\Users\jlaessig\AppData\Roaming\MiKTeX\2.8\tex\latex\listings\lstmisc.sty
File: lstmisc.sty 2007/02/22 1.4 (Carsten Heinz)
\c@lstnumber=\count106
\lst@skipnumbers=\count107
\lst@framebox=\box33
)
(C:\Users\jlaessig\AppData\Roaming\MiKTeX\2.8\tex\latex\listings\listings.cfg
File: listings.cfg 2007/02/22 1.4 listings configuration
))
Package: listings 2007/02/22 1.4 (Carsten Heinz)

(C:\Users\jlaessig\AppData\Roaming\MiKTeX\2.8\tex\latex\algorithms\algorithmic.
sty
Package: algorithmic 2009/08/24 v0.1 Document Style `algorithmic'
\c@ALC@unique=\count108
\c@ALC@line=\count109
\c@ALC@rem=\count110
\c@ALC@depth=\count111
\ALC@tlm=\skip65
\algorithmicindent=\skip66
)
(C:\Users\jlaessig\AppData\Roaming\MiKTeX\2.8\tex\latex\algorithms\algorithm.st
y
Package: algorithm 2009/08/24 v0.1 Document Style `algorithm' - floating enviro
nment
\@float@every@algorithm=\toks46
\c@algorithm=\count112
)
(C:\Users\jlaessig\AppData\Roaming\MiKTeX\2.8\tex\latex\subfigure\subfigure.sty
Package: subfigure 2002/07/30 v2.1.4 subfigure package
\subfigtopskip=\skip67
\subfigcapskip=\skip68
\subfigcaptopadj=\dimen122
\subfigbottomskip=\skip69
\subfigcapmargin=\dimen123
\subfiglabelskip=\skip70
\c@subfigure=\count113
\c@lofdepth=\count114
\c@subtable=\count115
\c@lotdepth=\count116
****************************************
* Local config file subfigure.cfg used *
****************************************

(C:\Users\jlaessig\AppData\Roaming\MiKTeX\2.8\tex\latex\subfigure\subfigure.cfg
)
\subfig@top=\skip71
\subfig@bottom=\skip72
) ("C:\Program Files (x86)\MiKTeX 2.8\tex\latex\base\textcomp.sty"
Package: textcomp 2005/09/27 v1.99g Standard LaTeX package
Package textcomp Info: Sub-encoding information:
(textcomp)               5 = only ISO-Adobe without \textcurrency
(textcomp)               4 = 5 + \texteuro
(textcomp)               3 = 4 + \textohm
(textcomp)               2 = 3 + \textestimated + \textcurrency
(textcomp)               1 = TS1 - \textcircled - \t
(textcomp)               0 = TS1 (full)
(textcomp)             Font families with sub-encoding setting implement
(textcomp)             only a restricted character set as indicated.
(textcomp)             Family '?' is the default used for unknown fonts.
(textcomp)             See the documentation for details.
Package textcomp Info: Setting ? sub-encoding to TS1/1 on input line 71.

("C:\Program Files (x86)\MiKTeX 2.8\tex\latex\base\ts1enc.def"
File: ts1enc.def 2001/06/05 v3.0e (jk/car/fm) Standard LaTeX file
)
LaTeX Info: Redefining \oldstylenums on input line 266.
Package textcomp Info: Setting cmr sub-encoding to TS1/0 on input line 281.
Package textcomp Info: Setting cmss sub-encoding to TS1/0 on input line 282.
Package textcomp Info: Setting cmtt sub-encoding to TS1/0 on input line 283.
Package textcomp Info: Setting cmvtt sub-encoding to TS1/0 on input line 284.
Package textcomp Info: Setting cmbr sub-encoding to TS1/0 on input line 285.
Package textcomp Info: Setting cmtl sub-encoding to TS1/0 on input line 286.
Package textcomp Info: Setting ccr sub-encoding to TS1/0 on input line 287.
Package textcomp Info: Setting ptm sub-encoding to TS1/4 on input line 288.
Package textcomp Info: Setting pcr sub-encoding to TS1/4 on input line 289.
Package textcomp Info: Setting phv sub-encoding to TS1/4 on input line 290.
Package textcomp Info: Setting ppl sub-encoding to TS1/3 on input line 291.
Package textcomp Info: Setting pag sub-encoding to TS1/4 on input line 292.
Package textcomp Info: Setting pbk sub-encoding to TS1/4 on input line 293.
Package textcomp Info: Setting pnc sub-encoding to TS1/4 on input line 294.
Package textcomp Info: Setting pzc sub-encoding to TS1/4 on input line 295.
Package textcomp Info: Setting bch sub-encoding to TS1/4 on input line 296.
Package textcomp Info: Setting put sub-encoding to TS1/5 on input line 297.
Package textcomp Info: Setting uag sub-encoding to TS1/5 on input line 298.
Package textcomp Info: Setting ugq sub-encoding to TS1/5 on input line 299.
Package textcomp Info: Setting ul8 sub-encoding to TS1/4 on input line 300.
Package textcomp Info: Setting ul9 sub-encoding to TS1/4 on input line 301.
Package textcomp Info: Setting augie sub-encoding to TS1/5 on input line 302.
Package textcomp Info: Setting dayrom sub-encoding to TS1/3 on input line 303.
Package textcomp Info: Setting dayroms sub-encoding to TS1/3 on input line 304.

Package textcomp Info: Setting pxr sub-encoding to TS1/0 on input line 305.
Package textcomp Info: Setting pxss sub-encoding to TS1/0 on input line 306.
Package textcomp Info: Setting pxtt sub-encoding to TS1/0 on input line 307.
Package textcomp Info: Setting txr sub-encoding to TS1/0 on input line 308.
Package textcomp Info: Setting txss sub-encoding to TS1/0 on input line 309.
Package textcomp Info: Setting txtt sub-encoding to TS1/0 on input line 310.
Package textcomp Info: Setting futs sub-encoding to TS1/4 on input line 311.
Package textcomp Info: Setting futx sub-encoding to TS1/4 on input line 312.
Package textcomp Info: Setting futj sub-encoding to TS1/4 on input line 313.
Package textcomp Info: Setting hlh sub-encoding to TS1/3 on input line 314.
Package textcomp Info: Setting hls sub-encoding to TS1/3 on input line 315.
Package textcomp Info: Setting hlst sub-encoding to TS1/3 on input line 316.
Package textcomp Info: Setting hlct sub-encoding to TS1/5 on input line 317.
Package textcomp Info: Setting hlx sub-encoding to TS1/5 on input line 318.
Package textcomp Info: Setting hlce sub-encoding to TS1/5 on input line 319.
Package textcomp Info: Setting hlcn sub-encoding to TS1/5 on input line 320.
Package textcomp Info: Setting hlcw sub-encoding to TS1/5 on input line 321.
Package textcomp Info: Setting hlcf sub-encoding to TS1/5 on input line 322.
Package textcomp Info: Setting pplx sub-encoding to TS1/3 on input line 323.
Package textcomp Info: Setting pplj sub-encoding to TS1/3 on input line 324.
Package textcomp Info: Setting ptmx sub-encoding to TS1/4 on input line 325.
Package textcomp Info: Setting ptmj sub-encoding to TS1/4 on input line 326.
)
("C:\Program Files (x86)\MiKTeX 2.8\tex\latex\thumbpdf\thumbpdf.sty"
Package: thumbpdf 2008/04/16 v3.10 Inclusion of thumbnails (HO)


Package thumbpdf Warning: Thumbnail data file `hauptdatei.tpt' not found.

) ("C:\Program Files (x86)\MiKTeX 2.8\tex\latex\graphics\graphicx.sty"
Package: graphicx 1999/02/16 v1.0f Enhanced LaTeX Graphics (DPC,SPQR)

("C:\Program Files (x86)\MiKTeX 2.8\tex\latex\graphics\graphics.sty"
Package: graphics 2009/02/05 v1.0o Standard LaTeX Graphics (DPC,SPQR)

("C:\Program Files (x86)\MiKTeX 2.8\tex\latex\graphics\trig.sty"
Package: trig 1999/03/16 v1.09 sin cos tan (DPC)
)
("C:\Program Files (x86)\MiKTeX 2.8\tex\latex\00miktex\graphics.cfg"
File: graphics.cfg 2007/01/18 v1.5 graphics configuration of teTeX/TeXLive
)
Package graphics Info: Driver file: pdftex.def on input line 91.
)
\Gin@req@height=\dimen124
\Gin@req@width=\dimen125
)
("C:\Program Files (x86)\MiKTeX 2.8\tex\latex\psnfss\times.sty"
Package: times 2005/04/12 PSNFSS-v9.2a (SPQR) 
)
("C:\Program Files (x86)\MiKTeX 2.8\tex\latex\hyperref\hyperref.sty"
Package: hyperref 2010/03/30 v6.80u Hypertext links for LaTeX

("C:\Program Files (x86)\MiKTeX 2.8\tex\generic\oberdiek\ltxcmds.sty"
Package: ltxcmds 2010/04/08 v1.5 LaTeX kernel commands for general use (HO)
)
("C:\Program Files (x86)\MiKTeX 2.8\tex\generic\oberdiek\kvsetkeys.sty"
Package: kvsetkeys 2010/03/01 v1.9 Key value parser (HO)

("C:\Program Files (x86)\MiKTeX 2.8\tex\generic\oberdiek\infwarerr.sty"
Package: infwarerr 2010/04/08 v1.3 Providing info/warning/message (HO)
)
("C:\Program Files (x86)\MiKTeX 2.8\tex\generic\oberdiek\etexcmds.sty"
Package: etexcmds 2010/01/28 v1.3 Prefix for e-TeX command names (HO)
Package etexcmds Info: Could not find \expanded.
(etexcmds)             That can mean that you are not using pdfTeX 1.50 or
(etexcmds)             that some package has redefined \expanded.
(etexcmds)             In the latter case, load this package earlier.
))
("C:\Program Files (x86)\MiKTeX 2.8\tex\generic\oberdiek\pdfescape.sty"
Package: pdfescape 2010/03/01 v1.9 Provides hex, PDF name and string conversion
s (HO)

("C:\Program Files (x86)\MiKTeX 2.8\tex\generic\oberdiek\pdftexcmds.sty"
Package: pdftexcmds 2010/04/01 v0.9 Utility functions of pdfTeX for LuaTeX (HO)


("C:\Program Files (x86)\MiKTeX 2.8\tex\generic\oberdiek\ifluatex.sty"
Package: ifluatex 2010/03/01 v1.3 Provides the ifluatex switch (HO)
Package ifluatex Info: LuaTeX not detected.
)
Package pdftexcmds Info: LuaTeX not detected.
Package pdftexcmds Info: \pdf@primitive is available.
Package pdftexcmds Info: \pdf@ifprimitive is available.
))
("C:\Program Files (x86)\MiKTeX 2.8\tex\generic\oberdiek\ifpdf.sty"
Package: ifpdf 2010/01/28 v2.1 Provides the ifpdf switch (HO)
Package ifpdf Info: pdfTeX in pdf mode detected.
)
("C:\Program Files (x86)\MiKTeX 2.8\tex\generic\oberdiek\ifvtex.sty"
Package: ifvtex 2010/03/01 v1.5 Switches for detecting VTeX and its modes (HO)
Package ifvtex Info: VTeX not detected.
)
("C:\Program Files (x86)\MiKTeX 2.8\tex\latex\ifxetex\ifxetex.sty"
Package: ifxetex 2009/01/23 v0.5 Provides ifxetex conditional
)
("C:\Program Files (x86)\MiKTeX 2.8\tex\latex\oberdiek\hycolor.sty"
Package: hycolor 2009/12/12 v1.6 Color options of hyperref/bookmark (HO)

("C:\Program Files (x86)\MiKTeX 2.8\tex\latex\oberdiek\xcolor-patch.sty"
Package: xcolor-patch 2009/12/12 xcolor patch
))
("C:\Program Files (x86)\MiKTeX 2.8\tex\latex\oberdiek\letltxmacro.sty"
Package: letltxmacro 2008/06/24 v1.3 Let assignment for LaTeX macros (HO)
)
\@linkdim=\dimen126
\Hy@linkcounter=\count117
\Hy@pagecounter=\count118

("C:\Program Files (x86)\MiKTeX 2.8\tex\latex\hyperref\pd1enc.def"
File: pd1enc.def 2010/03/30 v6.80u Hyperref: PDFDocEncoding definition (HO)
)
("C:\Program Files (x86)\MiKTeX 2.8\tex\generic\oberdiek\intcalc.sty"
Package: intcalc 2007/09/27 v1.1 Expandable integer calculations (HO)
)
("C:\Program Files (x86)\MiKTeX 2.8\tex\latex\00miktex\hyperref.cfg"
File: hyperref.cfg 2002/06/06 v1.2 hyperref configuration of TeXLive
)
("C:\Program Files (x86)\MiKTeX 2.8\tex\latex\oberdiek\kvoptions.sty"
Package: kvoptions 2010/02/22 v3.7 Keyval support for LaTeX options (HO)
)
Package hyperref Info: Option `bookmarksopen' set `true' on input line 3528.
Package hyperref Info: Option `colorlinks' set `true' on input line 3528.
Package hyperref Info: Hyper figures OFF on input line 3609.
Package hyperref Info: Link nesting OFF on input line 3614.
Package hyperref Info: Hyper index ON on input line 3617.
Package hyperref Info: Plain pages OFF on input line 3624.
Package hyperref Info: Backreferencing OFF on input line 3629.

Implicit mode ON; LaTeX internals redefined
Package hyperref Info: Bookmarks ON on input line 3825.
("C:\Program Files (x86)\MiKTeX 2.8\tex\latex\ltxmisc\url.sty"
\Urlmuskip=\muskip10
Package: url 2006/04/12  ver 3.3  Verb mode for urls, etc.
)
LaTeX Info: Redefining \url on input line 4105.

("C:\Program Files (x86)\MiKTeX 2.8\tex\generic\oberdiek\bitset.sty"
Package: bitset 2007/09/28 v1.0 Data type bit set (HO)

("C:\Program Files (x86)\MiKTeX 2.8\tex\generic\oberdiek\bigintcalc.sty"
Package: bigintcalc 2007/11/11 v1.1 Expandable big integer calculations (HO)
))
\Fld@menulength=\count119
\Field@Width=\dimen127
\Fld@charsize=\dimen128
\Field@toks=\toks47
Package hyperref Info: Hyper figures OFF on input line 5083.
Package hyperref Info: Link nesting OFF on input line 5088.
Package hyperref Info: Hyper index ON on input line 5091.
Package hyperref Info: backreferencing OFF on input line 5098.
Package hyperref Info: Link coloring ON on input line 5101.
Package hyperref Info: Link coloring with OCG OFF on input line 5108.
Package hyperref Info: PDF/A mode OFF on input line 5113.
LaTeX Info: Redefining \ref on input line 5153.
LaTeX Info: Redefining \pageref on input line 5157.

("C:\Program Files (x86)\MiKTeX 2.8\tex\generic\oberdiek\atbegshi.sty"
Package: atbegshi 2010/03/25 v1.12 At begin shipout hook (HO)
)
\Hy@abspage=\count120
\c@Item=\count121
)
* hyperref using default driver hpdftex *
("C:\Program Files (x86)\MiKTeX 2.8\tex\latex\hyperref\hpdftex.def"
File: hpdftex.def 2010/03/30 v6.80u Hyperref driver for pdfTeX

("C:\Program Files (x86)\MiKTeX 2.8\tex\latex\oberdiek\atveryend.sty"
Package: atveryend 2010/03/24 v1.5 Hooks at very end of document (HO)
Package atveryend Info: \enddocument detected (standard).
)
\Fld@listcount=\count122
\c@bookmark@seq@number=\count123

("C:\Program Files (x86)\MiKTeX 2.8\tex\latex\oberdiek\rerunfilecheck.sty"
Package: rerunfilecheck 2010/03/16 v1.6 Rerun checks for auxiliary files (HO)

("C:\Program Files (x86)\MiKTeX 2.8\tex\generic\oberdiek\uniquecounter.sty"
Package: uniquecounter 2009/12/18 v1.1 Provides unlimited unique counter (HO)
)
Package uniquecounter Info: New unique counter `rerunfilecheck' on input line 2
71.
)
\Hy@SectionHShift=\skip73
)
(C:\Users\jlaessig\AppData\Roaming\MiKTeX\2.8\tex\latex\dstroke\dsfont.sty
Package: dsfont 1995/08/01 v0.1 Double stroke roman fonts
)
("C:\Program Files (x86)\MiKTeX 2.8\tex\latex\ams\math\amsmath.sty"
Package: amsmath 2000/07/18 v2.13 AMS math features
\@mathmargin=\skip74

For additional information on amsmath, use the `?' option.
("C:\Program Files (x86)\MiKTeX 2.8\tex\latex\ams\math\amstext.sty"
Package: amstext 2000/06/29 v2.01

("C:\Program Files (x86)\MiKTeX 2.8\tex\latex\ams\math\amsgen.sty"
File: amsgen.sty 1999/11/30 v2.0
\@emptytoks=\toks48
\ex@=\dimen129
))
("C:\Program Files (x86)\MiKTeX 2.8\tex\latex\ams\math\amsbsy.sty"
Package: amsbsy 1999/11/29 v1.2d
\pmbraise@=\dimen130
)
("C:\Program Files (x86)\MiKTeX 2.8\tex\latex\ams\math\amsopn.sty"
Package: amsopn 1999/12/14 v2.01 operator names
)
\inf@bad=\count124
LaTeX Info: Redefining \frac on input line 211.
\uproot@=\count125
\leftroot@=\count126
LaTeX Info: Redefining \overline on input line 307.
\classnum@=\count127
\DOTSCASE@=\count128
LaTeX Info: Redefining \ldots on input line 379.
LaTeX Info: Redefining \dots on input line 382.
LaTeX Info: Redefining \cdots on input line 467.
\Mathstrutbox@=\box34
\strutbox@=\box35
\big@size=\dimen131
LaTeX Font Info:    Redeclaring font encoding OML on input line 567.
LaTeX Font Info:    Redeclaring font encoding OMS on input line 568.
\macc@depth=\count129
\c@MaxMatrixCols=\count130
\dotsspace@=\muskip11
\c@parentequation=\count131
\dspbrk@lvl=\count132
\tag@help=\toks49
\row@=\count133
\column@=\count134
\maxfields@=\count135
\andhelp@=\toks50
\eqnshift@=\dimen132
\alignsep@=\dimen133
\tagshift@=\dimen134
\tagwidth@=\dimen135
\totwidth@=\dimen136
\lineht@=\dimen137
\@envbody=\toks51
\multlinegap=\skip75
\multlinetaggap=\skip76
\mathdisplay@stack=\toks52
LaTeX Info: Redefining \[ on input line 2666.
LaTeX Info: Redefining \] on input line 2667.
)
("C:\Program Files (x86)\MiKTeX 2.8\tex\latex\amsfonts\amssymb.sty"
Package: amssymb 2009/06/22 v3.00

("C:\Program Files (x86)\MiKTeX 2.8\tex\latex\amsfonts\amsfonts.sty"
Package: amsfonts 2009/06/22 v3.00 Basic AMSFonts support
\symAMSa=\mathgroup4
\symAMSb=\mathgroup5
LaTeX Font Info:    Overwriting math alphabet `\mathfrak' in version `bold'
(Font)                  U/euf/m/n --> U/euf/b/n on input line 96.
))
(C:\Users\jlaessig\AppData\Roaming\MiKTeX\2.8\tex\latex\soul\soul.sty
Package: soul 2003/11/17 v2.4 letterspacing/underlining (mf)
\SOUL@word=\toks53
\SOUL@lasttoken=\toks54
\SOUL@cmds=\toks55
\SOUL@buffer=\toks56
\SOUL@token=\toks57
\SOUL@spaceskip=\skip77
\SOUL@ttwidth=\dimen138
\SOUL@uldp=\dimen139
\SOUL@ulht=\dimen140
)
(C:\Users\jlaessig\AppData\Roaming\MiKTeX\2.8\tex\latex\psfrag\psfrag.sty
Package: psfrag 1998/04/11 v3.04 PSfrag (MCG)
\pfg@pcount=\count136
\pfg@scount=\count137
\pfg@temp=\write5
)
("C:\Program Files (x86)\MiKTeX 2.8\tex\generic\babel\babel.sty"
Package: babel 2008/07/06 v3.8l The Babel package

*************************************
* Local config file bblopts.cfg used
*
("C:\Program Files (x86)\MiKTeX 2.8\tex\latex\00miktex\bblopts.cfg"
File: bblopts.cfg 2006/07/31 v1.0 MiKTeX 'babel' configuration
)
("C:\Program Files (x86)\MiKTeX 2.8\tex\generic\babel\russianb.ldf"
Language: russianb 2008/03/21 v1.1r Russian support from the babel system

("C:\Program Files (x86)\MiKTeX 2.8\tex\generic\babel\babel.def"
File: babel.def 2008/07/06 v3.8l Babel common definitions
\babel@savecnt=\count138
\U@D=\dimen141
)

Package babel Warning: No hyphenation patterns were loaded for
(babel)                the language `Russian'
(babel)                I will use the patterns loaded for \language=0 instead.

\l@russian = a dialect from \language0
Package babel Info: Making " an active character on input line 199.
) ("C:\Program Files (x86)\MiKTeX 2.8\tex\generic\babel\germanb.ldf"
Language: germanb 2008/06/01 v2.6m German support from the babel system
\l@austrian = a dialect from \language\l@german 
)
("C:\Program Files (x86)\MiKTeX 2.8\tex\generic\babel\ngermanb.ldf"
Language: ngermanb 2008/07/06 v2.6n new German support from the babel system
)
("C:\Program Files (x86)\MiKTeX 2.8\tex\generic\babel\english.ldf"
Language: english 2005/03/30 v3.3o English support from the babel system
))
(C:\Users\jlaessig\AppData\Roaming\MiKTeX\2.8\tex\latex\paralist\paralist.sty
Package: paralist 2002/03/18 v2.3b Extended list environments (BS)
\pltopsep=\skip78
\plpartopsep=\skip79
\plitemsep=\skip80
\plparsep=\skip81
\pl@lab=\toks58
)
("C:\Program Files (x86)\MiKTeX 2.8\tex\latex\tools\enumerate.sty"
Package: enumerate 1999/03/05 v3.00 enumerate extensions (DPC)
\@enLab=\toks59
)
(C:\Users\jlaessig\AppData\Roaming\MiKTeX\2.8\tex\latex\rotating\rotating.sty
Package: rotating 2009/03/28 v2.16a rotated objects in LaTeX
\c@r@tfl@t=\count139
\rotFPtop=\skip82
\rotFPbot=\skip83
\rot@float@box=\box36
\rot@mess@toks=\toks60
)
("C:\Program Files (x86)\MiKTeX 2.8\tex\latex\multirow\multirow.sty"
\bigstrutjot=\dimen142
)
("C:\Program Files (x86)\MiKTeX 2.8\tex\latex\oberdiek\pdflscape.sty"
Package: pdflscape 2008/08/11 v0.10 Landscape pages in PDF (HO)

("C:\Program Files (x86)\MiKTeX 2.8\tex\latex\graphics\lscape.sty"
Package: lscape 2000/10/22 v3.01 Landscape Pages (DPC)
)
Package pdflscape Info: Auto-detected driver: pdftex on input line 77.
)
Package color Info: Redefining color blue on input line 70.
Package color Info: Redefining color black on input line 71.
Package scrkbase Info: You've told me to redefine the font selection of the
(scrkbase)             element `pagehead' that is an alias of element
(scrkbase)             `pageheadfoot' on input line 85.


Package scrkbase Warning: `pagehead' is only an alias of `pageheadfoot'.
(scrkbase)                Font of page foot may also be changed on input line 8
5.

("C:\Program Files (x86)\MiKTeX 2.8\tex\latex\base\makeidx.sty"
Package: makeidx 2000/03/29 v1.0m Standard LaTeX package
)
\@indexfile=\write6

Writing index file hauptdatei.idx
\c@currDefctr=\count140
\c@endDefctr=\count141
\c@Def=\count142
\c@currThectr=\count143
\c@endThectr=\count144
\c@currLemctr=\count145
\c@endLemctr=\count146
\c@currCorctr=\count147
\c@endCorctr=\count148
\c@currFacctr=\count149
\c@endFacctr=\count150
\c@currMTctr=\count151
\c@endMTctr=\count152
\c@currConctr=\count153
\c@endConctr=\count154
\c@currExactr=\count155
\c@endExactr=\count156
\c@Exa=\count157
\c@currRemctr=\count158
\c@endRemctr=\count159
\c@Rem=\count160
\c@currProctr=\count161
\c@endProctr=\count162
\c@Pro=\count163

LaTeX Warning: Unused global option(s):
    [foodsepline,openleft].

("T:\Lehre\LV IT Service Management WS2012-13\Beleg\hauptdatei.aux"
("T:\Lehre\LV IT Service Management WS2012-13\Beleg\metadaten.aux")
("T:\Lehre\LV IT Service Management WS2012-13\Beleg\titel.aux")
("T:\Lehre\LV IT Service Management WS2012-13\Beleg\inhalt.aux")
("T:\Lehre\LV IT Service Management WS2012-13\Beleg\anhang.aux")
("T:\Lehre\LV IT Service Management WS2012-13\Beleg\verzeichnisse.aux"))
LaTeX Font Info:    Checking defaults for OML/cmm/m/it on input line 181.
LaTeX Font Info:    ... okay on input line 181.
LaTeX Font Info:    Checking defaults for T1/cmr/m/n on input line 181.
LaTeX Font Info:    ... okay on input line 181.
LaTeX Font Info:    Checking defaults for OT1/cmr/m/n on input line 181.
LaTeX Font Info:    ... okay on input line 181.
LaTeX Font Info:    Checking defaults for OMS/cmsy/m/n on input line 181.
LaTeX Font Info:    ... okay on input line 181.
LaTeX Font Info:    Checking defaults for OMX/cmex/m/n on input line 181.
LaTeX Font Info:    ... okay on input line 181.
LaTeX Font Info:    Checking defaults for U/cmr/m/n on input line 181.
LaTeX Font Info:    ... okay on input line 181.
LaTeX Font Info:    Checking defaults for OT2/cmr/m/n on input line 181.
LaTeX Font Info:    Try loading font information for OT2+cmr on input line 181.


(C:\Users\jlaessig\AppData\Roaming\MiKTeX\2.8\tex\latex\cyrillic\ot2cmr.fd
File: ot2cmr.fd 2001/08/11 v3.2c Computer Modern Cyrillic font definitions
)
LaTeX Font Info:    ... okay on input line 181.
LaTeX Font Info:    Checking defaults for TS1/cmr/m/n on input line 181.
LaTeX Font Info:    Try loading font information for TS1+cmr on input line 181.


("C:\Program Files (x86)\MiKTeX 2.8\tex\latex\base\ts1cmr.fd"
File: ts1cmr.fd 1999/05/25 v2.5h Standard LaTeX font definitions
)
LaTeX Font Info:    ... okay on input line 181.
LaTeX Font Info:    Checking defaults for PD1/pdf/m/n on input line 181.
LaTeX Font Info:    ... okay on input line 181.
LaTeX Font Info:    Try loading font information for T1+ptm on input line 181.

("C:\Program Files (x86)\MiKTeX 2.8\tex\latex\psnfss\t1ptm.fd"
File: t1ptm.fd 2001/06/04 font definitions for T1/ptm.
)
(C:\Users\jlaessig\AppData\Roaming\MiKTeX\2.8\tex\context\base\supp-pdf.mkii
[Loading MPS to PDF converter (version 2006.09.02).]
\scratchcounter=\count164
\scratchdimen=\dimen143
\scratchbox=\box37
\nofMPsegments=\count165
\nofMParguments=\count166
\everyMPshowfont=\toks61
\MPscratchCnt=\count167
\MPscratchDim=\dimen144
\MPnumerator=\count168
\makeMPintoPDFobject=\count169
\everyMPtoPDFconversion=\toks62
)
\c@lstlisting=\count170
\AtBeginShipoutBox=\box38
Package hyperref Info: Link coloring ON on input line 181.
 ("C:\Program Files (x86)\MiKTeX 2.8\tex\latex\hyperref\nameref.sty"
Package: nameref 2010/01/25 v2.36 Cross-referencing by name of section

("C:\Program Files (x86)\MiKTeX 2.8\tex\latex\oberdiek\refcount.sty"
Package: refcount 2008/08/11 v3.1 Data extraction from references (HO)
)
("C:\Program Files (x86)\MiKTeX 2.8\tex\generic\oberdiek\gettitlestring.sty"
Package: gettitlestring 2009/12/18 v1.3 Cleanup title references (HO)
)
\c@section@level=\count171
)
LaTeX Info: Redefining \ref on input line 181.
LaTeX Info: Redefining \pageref on input line 181.

("T:\Lehre\LV IT Service Management WS2012-13\Beleg\hauptdatei.out")
("T:\Lehre\LV IT Service Management WS2012-13\Beleg\hauptdatei.out")
\@outlinefile=\write7

("T:\Lehre\LV IT Service Management WS2012-13\Beleg\metadaten.tex")
("T:\Lehre\LV IT Service Management WS2012-13\Beleg\titel.tex"
Package scrkbase Info: You've told me to use the font selection of the element
(scrkbase)             `sectioning' that is an alias of element `disposition'
(scrkbase)              on input line 101.
LaTeX Font Info:    Try loading font information for T1+phv on input line 101.

("C:\Program Files (x86)\MiKTeX 2.8\tex\latex\psnfss\t1phv.fd"
File: t1phv.fd 2001/06/04 scalable font definitions for T1/phv.
)
LaTeX Font Info:    Font shape `T1/phv/bx/n' in size <10.95> not available
(Font)              Font shape `T1/phv/b/n' tried instead on input line 101.

<Images/HSZiGr.jpg, id=135, 361.35pt x 30.8352pt>
File: Images/HSZiGr.jpg Graphic file (type jpg)
 <use Images/HSZiGr.jpg>
[1
Non-PDF special ignored!






{C:/Users/jlaessig/AppData/Local/MiKTeX/2.8/pdftex/config/pdftex.map} <T:/Lehre
/LV IT Service Management WS2012-13/Beleg/Images/HSZiGr.jpg>] [2


]
Package scrkbase Info: You've told me to use the font selection of the element
(scrkbase)             `sectioning' that is an alias of element `disposition'
(scrkbase)              on input line 101.
File: Images/HSZiGr.jpg Graphic file (type jpg)
 <use Images/HSZiGr.jpg>
LaTeX Font Info:    Font shape `T1/ptm/bx/n' in size <10.95> not available
(Font)              Font shape `T1/ptm/b/n' tried instead on input line 101.
LaTeX Font Info:    Font shape `T1/ptm/bx/n' in size <14.4> not available
(Font)              Font shape `T1/ptm/b/n' tried instead on input line 101.
LaTeX Font Info:    Font shape `T1/ptm/bx/n' in size <20.74> not available
(Font)              Font shape `T1/ptm/b/n' tried instead on input line 101.
LaTeX Font Info:    Font shape `T1/phv/bx/n' in size <20.74> not available
(Font)              Font shape `T1/phv/b/n' tried instead on input line 101.
LaTeX Font Info:    Try loading font information for U+msa on input line 101.

("C:\Program Files (x86)\MiKTeX 2.8\tex\latex\amsfonts\umsa.fd"
File: umsa.fd 2009/06/22 v3.00 AMS symbols A
)
LaTeX Font Info:    Try loading font information for U+msb on input line 101.

("C:\Program Files (x86)\MiKTeX 2.8\tex\latex\amsfonts\umsb.fd"
File: umsb.fd 2009/06/22 v3.00 AMS symbols B
) [3



]
Underfull \hbox (badness 10000) in paragraph at lines 101--101

 []


Underfull \hbox (badness 10000) in paragraph at lines 101--101

 []


Underfull \hbox (badness 10000) in paragraph at lines 101--101

 []


Underfull \hbox (badness 10000) in paragraph at lines 101--101

 []


Underfull \hbox (badness 10000) in paragraph at lines 101--101

 []


Underfull \hbox (badness 10000) in paragraph at lines 101--101

 []

[4

]
Overfull \hbox (1.08264pt too wide) in paragraph at lines 114--115
[]$[]$ 
 []


Underfull \hbox (badness 10000) in paragraph at lines 114--115

 []


Underfull \hbox (badness 10000) in paragraph at lines 118--120

 []


Overfull \hbox (1.08264pt too wide) in paragraph at lines 121--123
[]$ 
 []

[5] [6


]
Overfull \hbox (1.08264pt too wide) in paragraph at lines 143--144
[]$[]$ 
 []


Underfull \hbox (badness 10000) in paragraph at lines 143--144

 []


Underfull \hbox (badness 10000) in paragraph at lines 147--149

 []


Overfull \hbox (1.08264pt too wide) in paragraph at lines 150--152
[]$ 
 []

[7] [8


]
LaTeX Font Info:    Font shape `T1/phv/bx/n' in size <14.4> not available
(Font)              Font shape `T1/phv/b/n' tried instead on input line 166.
 ("T:\Lehre\LV IT Service Management WS2012-13\Beleg\hauptdatei.toc"
[1



])
\tf@toc=\write8
) [2] ("T:\Lehre\LV IT Service Management WS2012-13\Beleg\inhalt.tex"
Chapter 1.

Class scrreprt Warning: \float@addtolists detected!
(scrreprt)              You should use the features of package `tocbasic'
(scrreprt)              instead of \float@addtolists.
(scrreprt)              Support for \float@addtolists may be removed from
(scrreprt)              `scrreprt' soon .

pdfTeX warning (ext4): destination with the same identifier (name{page.1}) has 
been already used, duplicate ignored
<to be read again> 
                   \relax 
l.16 \chapter
             {Evaluation of General Characteristics of the Software} [1



]
Chapter 2.
LaTeX Font Info:    Font shape `T1/phv/bx/n' in size <12> not available
(Font)              Font shape `T1/phv/b/n' tried instead on input line 20.
pdfTeX warning (ext4): destination with the same identifier (name{page.2}) has 
been already used, duplicate ignored
<to be read again> 
                   \relax 
l.42 
      [2

]pdfTeX warning (ext4): destination with the same identifier (name{page.3}) has
 been already used, duplicate ignored
<to be read again> 
                   \relax 
l.47 \chapter
             {Evaluation of the ITSM Specific Functionalities} [3]
Chapter 3.

Overfull \hbox (0.61157pt too wide) in paragraph at lines 57--95
[][]
 []


LaTeX Warning: `!h' float specifier changed to `!ht'.

LaTeX Font Info:    Try loading font information for T1+pcr on input line 122.
("C:\Program Files (x86)\MiKTeX 2.8\tex\latex\psnfss\t1pcr.fd"
File: t1pcr.fd 2001/06/04 font definitions for T1/pcr.
)pdfTeX warning (ext4): destination with the same identifier (name{page.4}) has
 been already used, duplicate ignored
<to be read again> 
                   \relax 
l.128 
       [4

]

LaTeX Warning: Text page 5 contains only floats.

pdfTeX warning (ext4): destination with the same identifier (name{page.5}) has 
been already used, duplicate ignored
<to be read again> 
                   \relax 
l.128 
       [5]pdfTeX warning (ext4): destination with the same identifier (name{pag
e.6}) has been already used, duplicate ignored
<to be read again> 
                   \relax 
l.153 
       [6]pdfTeX warning (ext4): destination with the same identifier (name{pag
e.7}) has been already used, duplicate ignored
<to be read again> 
                   \relax 
l.175 \chapter
              {Conclusion} [7]
Chapter 4.
)pdfTeX warning (ext4): destination with the same identifier (name{page.8}) has
 been already used, duplicate ignored
<to be read again> 
                   \relax 
l.184 \include{inhalt}
                       [8

]
("T:\Lehre\LV IT Service Management WS2012-13\Beleg\anhang.tex"
Appendix A.
[9





]
Appendix B.
) [10

] ("T:\Lehre\LV IT Service Management WS2012-13\Beleg\verzeichnisse.tex"
("T:\Lehre\LV IT Service Management WS2012-13\Beleg\hauptdatei.lof")
\tf@lof=\write9
 [1



]
[2


] ("T:\Lehre\LV IT Service Management WS2012-13\Beleg\hauptdatei.lot")
\tf@lot=\write10

[3

] [4


]

Class scrreprt Warning: Usage of deprecated \float@listhead!
(scrreprt)              You should use the features of package `tocbasic'
(scrreprt)              instead of \float@listhead.
(scrreprt)              Definition of \float@listhead my be removed from
(scrreprt)              `scrreprt' soon, so it should not be used  on input lin
e 27.

("T:\Lehre\LV IT Service Management WS2012-13\Beleg\hauptdatei.loa")
\tf@loa=\write11
 [5

]
[6


]

Class scrreprt Warning: Usage of deprecated \float@listhead!
(scrreprt)              You should use the features of package `tocbasic'
(scrreprt)              instead of \float@listhead.
(scrreprt)              Definition of \float@listhead my be removed from
(scrreprt)              `scrreprt' soon, so it should not be used  on input lin
e 36.

("T:\Lehre\LV IT Service Management WS2012-13\Beleg\hauptdatei.lol")
\tf@lol=\write12
 [7

]
[8


]
Overfull \hbox (5.13103pt too wide) in paragraph at lines 60--60
[]|\T1/phv/m/n/9 procedure\T1/ptm/m/n/10.95 ()| 
 []

LaTeX Font Info:    Font shape `T1/phv/m/it' in size <9> not available
(Font)              Font shape `T1/phv/m/sl' tried instead on input line 61.

Overfull \hbox (193.53293pt too wide) in paragraph at lines 50--63
[] 
 []

[9



] [10


]
Overfull \hbox (0.74449pt too wide) in paragraph at lines 93--98
[] 
 []

[11


] [12


]
No file hauptdatei.ind.
No file hauptdatei.bbl.

Underfull \hbox (badness 10000) in paragraph at lines 132--139

 []

\us=\skip84
)pdfTeX warning (ext4): destination with the same identifier (name{page.1}) has
 been already used, duplicate ignored
<to be read again> 
                   \relax 
l.190 \include{verzeichnisse}
                              [1







]
\tf@thm=\write13
Package atveryend Info: Empty hook `BeforeClearDocument' on input line 191.
Package atveryend Info: Empty hook `AfterLastShipout' on input line 191.

("T:\Lehre\LV IT Service Management WS2012-13\Beleg\hauptdatei.aux"
("T:\Lehre\LV IT Service Management WS2012-13\Beleg\metadaten.aux")
("T:\Lehre\LV IT Service Management WS2012-13\Beleg\titel.aux")
("T:\Lehre\LV IT Service Management WS2012-13\Beleg\inhalt.aux")
("T:\Lehre\LV IT Service Management WS2012-13\Beleg\anhang.aux")
("T:\Lehre\LV IT Service Management WS2012-13\Beleg\verzeichnisse.aux"))
Package atveryend Info: Executing hook `AtVeryEndDocument' on input line 191.
Package rerunfilecheck Info: File `hauptdatei.out' has not changed.
(rerunfilecheck)             Checksum: 31CD26E6EC6754878F48401B46E862B9;2195.
 ) 
Here is how much of TeX's memory you used:
 12660 strings out of 495285
 188590 string characters out of 3179869
 309577 words of memory out of 3000000
 15402 multiletter control sequences out of 15000+200000
 93100 words of font info for 113 fonts, out of 3000000 for 9000
 14 hyphenation exceptions out of 8191
 38i,15n,55p,1073b,419s stack positions out of 5000i,500n,10000p,200000b,50000s
{C:/Program Files (x86)/MiKTeX 2.8/fonts/enc/dvips/fontname/8r.enc}<C:/Progra
m Files (x86)/MiKTeX 2.8/fonts/type1/public/amsfonts/cm/cmmi10.pfb><C:/Program 
Files (x86)/MiKTeX 2.8/fonts/type1/public/amsfonts/cm/cmmi8.pfb><C:/Program Fil
es (x86)/MiKTeX 2.8/fonts/type1/public/amsfonts/cm/cmmib10.pfb><C:/Program File
s (x86)/MiKTeX 2.8/fonts/type1/public/amsfonts/cmextra/cmmib8.pfb><C:/Program F
iles (x86)/MiKTeX 2.8/fonts/type1/public/amsfonts/cm/cmr10.pfb><C:/Program File
s (x86)/MiKTeX 2.8/fonts/type1/public/amsfonts/cm/cmr7.pfb><C:/Program Files (x
86)/MiKTeX 2.8/fonts/type1/public/amsfonts/cm/cmr8.pfb><C:/Program Files (x86)/
MiKTeX 2.8/fonts/type1/public/amsfonts/cm/cmsy10.pfb><C:/Program Files (x86)/Mi
KTeX 2.8/fonts/type1/public/amsfonts/symbols/msam10.pfb><C:/Program Files (x86)
/MiKTeX 2.8/fonts/type1/urw/courier/ucrr8a.pfb><C:/Program Files (x86)/MiKTeX 2
.8/fonts/type1/urw/helvetic/uhvb8a.pfb><C:/Program Files (x86)/MiKTeX 2.8/fonts
/type1/urw/helvetic/uhvr8a.pfb><C:/Program Files (x86)/MiKTeX 2.8/fonts/type1/u
rw/helvetic/uhvro8a.pfb><C:/Program Files (x86)/MiKTeX 2.8/fonts/type1/urw/time
s/utmb8a.pfb><C:/Program Files (x86)/MiKTeX 2.8/fonts/type1/urw/times/utmr8a.pf
b><C:/Program Files (x86)/MiKTeX 2.8/fonts/type1/urw/times/utmri8a.pfb>
Output written on hauptdatei.pdf (33 pages, 279360 bytes).
PDF statistics:
 390 PDF objects out of 1000 (max. 8388607)
 64 named destinations out of 1000 (max. 500000)
 270 words of extra memory for PDF output out of 10000 (max. 10000000)

